p/person-hc-49-0.jpg 1 0 0 88 78
p/person-hc-53-0.jpg 1 0 0 100 72
p/person-hc-5-033377.jpg 1 0 0 53 82
p/person-hc-5-033373.jpg 1 0 0 61 83
p/person-hc-5-033375.jpg 1 0 0 61 76
p/person-hc-5-033376.jpg 1 0 0 57 76
p/person-hc-5-033372.jpg 1 0 0 66 78
p/1572552715244.jpg 1 0 0 71 96
p/1572552715266.jpg 1 0 0 69 92
p/person-hc-5-033374.jpg 1 0 0 63 82
p/1572552715267.jpg 1 0 0 70 78
p/1572552715263.jpg 1 0 0 80 79
p/person-hc-5-033371.jpg 1 0 0 73 76
p/1572552715259.jpg 1 0 0 78 78
p/person-hc-5-03338.jpg 1 0 0 72 93
p/1572552715238.jpg 1 0 0 87 110
p/1572552715250.jpg 1 0 0 79 94
p/1572552715255.jpg 1 0 0 73 94
p/1572552715262.jpg 1 0 0 74 65
p/person-hc-52-0.jpg 1 0 0 100 72
p/person-hc-169-0.jpg 1 0 0 94 84
p/1572552715265.jpg 1 0 0 77 82
p/1572552715264.jpg 1 0 0 78 82
p/person-hc-51-0.jpg 1 0 0 99 75
p/person-hc-5-03339.jpg 1 0 0 73 100
p/person-hc-63-0.jpg 1 0 0 88 74
p/1572552715257.jpg 1 0 0 92 76
p/person-hc-46-0.jpg 1 0 0 101 80
p/1572552715258.jpg 1 0 0 79 72
p/person-hc-50-0.jpg 1 0 0 93 82
p/1572552715236.jpg 1 0 0 92 100
p/1572552715247.jpg 1 0 0 86 119
p/1572552715261.jpg 1 0 0 89 85
p/person-hc-28-0.jpg 1 0 0 101 96
p/person-hc-4-0.jpg 1 0 0 104 77
p/person-hc-7-0.jpg 1 0 0 101 89
p/person-hc-5-0.jpg 1 0 0 101 80
p/1572552715251.jpg 1 0 0 90 88
p/person-hc-1-0.jpg 1 0 0 112 74
p/person-hc-48-0.jpg 1 0 0 98 86
p/1572552715211.jpg 1 0 0 108 108
p/person-hc-6-0.jpg 1 0 0 100 87
p/person-hc-3-0.jpg 1 0 0 106 75
p/1572552715254.jpg 1 0 0 100 83
p/person-hc-64-0.jpg 1 0 0 86 90
p/person-hc-9-0.jpg 1 0 0 111 78
p/person-hc-65-0.jpg 1 0 0 70 104
p/person-hc-59-0.jpg 1 0 0 90 84
p/person-hc-11-0.jpg 1 0 0 116 66
p/1572552715248.jpg 1 0 0 95 93
p/person-hc-12-0.jpg 1 0 0 115 71
p/1572552715243.jpg 1 0 0 88 128
p/1572552715229.jpg 1 0 0 94 94
p/person-hc-62-0.jpg 1 0 0 89 96
p/1572552715260.jpg 1 0 0 75 77
p/person-hc-29-0.jpg 1 0 0 105 90
p/1572552715249.jpg 1 0 0 93 96
p/person-hc-13-0.jpg 1 0 0 118 71
p/person-hc-2-0.jpg 1 0 0 115 75
p/1572552715256.jpg 1 0 0 91 75
p/person-hc-84-0.jpg 1 0 0 121 103
p/person-hc-15-0.jpg 1 0 0 120 70
p/person-hc-14-0.jpg 1 0 0 118 71
p/person-hc-10-0.jpg 1 0 0 121 71
p/1572552715240.jpg 1 0 0 89 121
p/person-hc-8-0.jpg 1 0 0 112 81
p/person-hc-0-0.jpg 1 0 0 110 82
p/1572552715246.jpg 1 0 0 99 122
p/person-hc-134-0.jpg 1 0 0 126 99
p/1572552715242.jpg 1 0 0 93 120
p/person-hc-47-0.jpg 1 0 0 109 87
p/1572552715245.jpg 1 0 0 91 123
p/person-hc-149-0.jpg 1 0 0 136 100
p/1572552715237.jpg 1 0 0 103 111
p/person-hc-152-0.jpg 1 0 0 139 100
p/person-hc-60-0.jpg 1 0 0 93 98
p/1572552715241.jpg 1 0 0 90 130
p/person-hc-150-0.jpg 1 0 0 139 100
p/person-hc-61-0.jpg 1 0 0 91 98
p/1572552715253.jpg 1 0 0 92 85
p/1572552715252.jpg 1 0 0 116 92
p/1572552715239.jpg 1 0 0 88 131
p/1572552715235.jpg 1 0 0 117 111
p/1572552715187.jpg 1 0 0 57 88
p/1572551794797.jpg 1 0 0 71 94
p/1572551794798.jpg 1 0 0 67 108
p/1572551794799.jpg 1 0 0 66 96
p/1572551794789.jpg 1 0 0 64 99
p/1572551794785.jpg 1 0 0 76 106
p/1572551794791.jpg 1 0 0 68 80
p/1572551794786.jpg 1 0 0 74 108
p/1572551794783.jpg 1 0 0 68 114
p/1572551794793.jpg 1 0 0 75 99
p/1572552715196.jpg 1 0 0 68 99
p/1572551794787.jpg 1 0 0 73 104
p/1572551794781.jpg 1 0 0 62 79
p/1572551794804.jpg 1 0 0 62 91
p/1572551794788.jpg 1 0 0 73 98
p/person-hc-103-0.jpg 1 0 0 109 80
p/1572551794771.jpg 1 0 0 109 80
p/1572552715195.jpg 1 0 0 78 97
p/person-hc-21-0.jpg 1 0 0 95 76
p/1572551794772.jpg 1 0 0 95 76
p/1572551794792.jpg 1 0 0 102 88
p/1572551794807.jpg 1 0 0 86 102
p/1572551794790.jpg 1 0 0 76 88
p/1572552715198.jpg 1 0 0 70 126
p/1572551794764.jpg 1 0 0 61 89
p/1572552715201.jpg 1 0 0 73 92
p/1572552715199.jpg 1 0 0 77 132
p/person-hc-23-0.jpg 1 0 0 94 76
p/1572551794763.jpg 1 0 0 94 76
p/1572552715203.jpg 1 0 0 81 93
p/1572552715210.jpg 1 0 0 92 85
p/1572552715202.jpg 1 0 0 92 78
p/1572551794780.jpg 1 0 0 71 90
p/1572551794794.jpg 1 0 0 110 88
p/1572551794795.jpg 1 0 0 76 97
p/1572552715234.jpg 1 0 0 86 76
p/1572552715206.jpg 1 0 0 96 79
p/1572552715184.jpg 1 0 0 94 54
p/1572552715204.jpg 1 0 0 89 85
p/1572552715194.jpg 1 0 0 85 105
p/1572551794765.jpg 1 0 0 64 93
p/1572552715208.jpg 1 0 0 88 84
p/1572552715230.jpg 1 0 0 89 83
p/1572551794782.jpg 1 0 0 82 101
p/1572552715207.jpg 1 0 0 82 87
p/1572551794796.jpg 1 0 0 79 97
p/1572552715233.jpg 1 0 0 93 97
p/person-hc-22-0.jpg 1 0 0 101 85
p/1572551794773.jpg 1 0 0 101 85
p/person-hc-24-0.jpg 1 0 0 96 86
p/1572551794774.jpg 1 0 0 96 86
p/1572551794784.jpg 1 0 0 88 106
p/1572552715185.jpg 1 0 0 75 66
p/1572552715216.jpg 1 0 0 87 89
p/1572551794806.jpg 1 0 0 84 95
p/1572552715217.jpg 1 0 0 80 92
p/person-hc-25-0.jpg 1 0 0 88 90
p/1572551794775.jpg 1 0 0 88 90
p/1572552715209.jpg 1 0 0 86 88
p/1572552715205.jpg 1 0 0 82 93
p/1572552715186.jpg 1 0 0 67 85
p/1572552715232.jpg 1 0 0 91 83
p/1572551794811.jpg 1 0 0 92 59
p/1572552715223.jpg 1 0 0 75 98
p/1572551794800.jpg 1 0 0 86 96
p/1572551794805.jpg 1 0 0 89 95
p/person-hc-26-0.jpg 1 0 0 88 90
p/1572551794776.jpg 1 0 0 88 90
p/1572552715231.jpg 1 0 0 91 82
p/person-hc-100-0.jpg 1 0 0 95 100
p/1572551794769.jpg 1 0 0 95 100
p/person-hc-27-0.jpg 1 0 0 87 91
p/1572551794777.jpg 1 0 0 87 91
p/1572552715222.jpg 1 0 0 101 109
p/1572552715214.jpg 1 0 0 90 92
p/1572552715220.jpg 1 0 0 84 95
p/1572552715213.jpg 1 0 0 95 92
p/person-hc-102-0.jpg 1 0 0 115 95
p/1572551794770.jpg 1 0 0 115 95
p/1572551794768.jpg 1 0 0 96 118
p/1572552715200.jpg 1 0 0 111 109
p/1572552715212.jpg 1 0 0 95 91
p/1572552715228.jpg 1 0 0 103 95
p/1572551794808.jpg 1 0 0 94 82
p/1572551794803.jpg 1 0 0 95 98
p/1572552715188.jpg 1 0 0 72 87
p/1572552715215.jpg 1 0 0 89 97
p/1572551794779.jpg 1 0 0 94 88
p/1572551794778.jpg 1 0 0 91 90
p/1572551794801.jpg 1 0 0 97 99
p/1572552715218.jpg 1 0 0 107 108
p/1572552715219.jpg 1 0 0 91 95
p/1572552715227.jpg 1 0 0 106 98
p/1572552715197.jpg 1 0 0 102 135
p/1572552715189.jpg 1 0 0 79 83
p/1572552715221.jpg 1 0 0 110 102
p/1572551794802.jpg 1 0 0 97 100
p/1572552715226.jpg 1 0 0 107 105
p/1572551794810.jpg 1 0 0 91 68
p/1572552715225.jpg 1 0 0 103 111
p/1572551794809.jpg 1 0 0 101 81
p/1572552715193.jpg 1 0 0 87 84
p/person-hc-58-0.jpg 1 0 0 115 128
p/1572551794767.jpg 1 0 0 115 128
p/1572552715191.jpg 1 0 0 88 85
p/1572552715190.jpg 1 0 0 84 85
p/1572552715224.jpg 1 0 0 110 113
p/1572552715192.jpg 1 0 0 91 86
p/person-hc-57-0.jpg 1 0 0 128 130
p/1572551794766.jpg 1 0 0 128 130
p/person-hc-37-0.jpg 1 0 0 375 348
p/person-hc-42-0.jpg 1 0 0 367 367
p/person-hc-38-0.jpg 1 0 0 371 363
p/person-hc-43-0.jpg 1 0 0 366 332
p/person-hc-40-0.jpg 1 0 0 360 391
p/person-hc-39-0.jpg 1 0 0 366 385
p/person-hc-36-0.jpg 1 0 0 382 352
p/person-hc-35-0.jpg 1 0 0 389 366
p/person-hc-41-0.jpg 1 0 0 364 407